This is pdfTeX, Version 3.14159265-2.6-1.40.18 (TeX Live 2017/W32TeX) (preloaded format=pdflatex 2018.3.31)  9 SEP 2021 23:33
entering extended mode
 restricted \write18 enabled.
 %&-line parsing enabled.
**./coSaliency.tex
(./coSaliency.tex
LaTeX2e <2017-04-15>
Babel <3.18> and hyphenation patterns for 84 language(s) loaded.
(./acmart.cls
Document Class: acmart 2021/05/01 v1.78 Typesetting articles for the Associatio
n for Computing Machinery

(d:/Installation_position/texlive/2017/texmf-dist/tex/latex/xkeyval/xkeyval.sty
Package: xkeyval 2014/12/03 v2.7a package option processing (HA)

(d:/Installation_position/texlive/2017/texmf-dist/tex/generic/xkeyval/xkeyval.t
ex
(d:/Installation_position/texlive/2017/texmf-dist/tex/generic/xkeyval/xkvutils.
tex
\XKV@toks=\toks14
\XKV@tempa@toks=\toks15

(d:/Installation_position/texlive/2017/texmf-dist/tex/generic/xkeyval/keyval.te
x))
\XKV@depth=\count79
File: xkeyval.tex 2014/12/03 v2.7a key=value parser (HA)
))
(d:/Installation_position/texlive/2017/texmf-dist/tex/generic/xstring/xstring.s
ty
(d:/Installation_position/texlive/2017/texmf-dist/tex/generic/xstring/xstring.t
ex
\@xs@message=\write3
\integerpart=\count80
\decimalpart=\count81
)
Package: xstring 2013/10/13  v1.7c  String manipulations (C Tellechea)
)
(d:/Installation_position/texlive/2017/texmf-dist/tex/generic/iftex/iftex.sty
Package: iftex 2013/04/04 v0.2 Provides if(tex) conditional for PDFTeX, XeTeX, 
and LuaTeX
)
Package acmart Info: Not using screen mode on input line 73.
Package acmart Info: Using breaking urls on hyphens on input line 81.
Package acmart Info: Requiring acmthm on input line 89.
Package acmart Info: Not using review mode on input line 98.
Package acmart Info: Not using authorversion mode on input line 106.
Package acmart Info: Not using nonacm mode on input line 118.
Package acmart Info: Explicitly selecting natbib mode on input line 134.
Package acmart Info: Not using anonymous mode on input line 142.
Package acmart Info: Not using timestamp mode on input line 150.
Package acmart Info: Not using authordraft mode on input line 160.
Package acmart Info: Using screen mode on input line 169.
Package acmart Info: Using review mode on input line 169.
Class acmart Info: Using format manuscript, number 0 on input line 169.
Class acmart Info: Using fontsize 9pt on input line 253.

(d:/Installation_position/texlive/2017/texmf-dist/tex/latex/amscls/amsart.cls
Document Class: amsart 2017/10/31 v2.20.4
\linespacing=\dimen102
\normalparindent=\dimen103
\normaltopskip=\skip41

(d:/Installation_position/texlive/2017/texmf-dist/tex/latex/amsmath/amsmath.sty
Package: amsmath 2017/09/02 v2.17a AMS math features
\@mathmargin=\skip42
For additional information on amsmath, use the `?' option.

(d:/Installation_position/texlive/2017/texmf-dist/tex/latex/amsmath/amstext.sty
Package: amstext 2000/06/29 v2.01 AMS text
(d:/Installation_position/texlive/2017/texmf-dist/tex/latex/amsmath/amsgen.sty
File: amsgen.sty 1999/11/30 v2.0 generic functions
\@emptytoks=\toks16
\ex@=\dimen104
))
(d:/Installation_position/texlive/2017/texmf-dist/tex/latex/amsmath/amsbsy.sty
Package: amsbsy 1999/11/29 v1.2d Bold Symbols
\pmbraise@=\dimen105
) (d:/Installation_position/texlive/2017/texmf-dist/tex/latex/amsmath/amsopn.st
y
Package: amsopn 2016/03/08 v2.02 operator names
)
\inf@bad=\count82
LaTeX Info: Redefining \frac on input line 213.
\uproot@=\count83
\leftroot@=\count84
LaTeX Info: Redefining \overline on input line 375.
\classnum@=\count85
\DOTSCASE@=\count86
LaTeX Info: Redefining \ldots on input line 472.
LaTeX Info: Redefining \dots on input line 475.
LaTeX Info: Redefining \cdots on input line 596.
\Mathstrutbox@=\box26
\strutbox@=\box27
\big@size=\dimen106
LaTeX Font Info:    Redeclaring font encoding OML on input line 712.
LaTeX Font Info:    Redeclaring font encoding OMS on input line 713.
\macc@depth=\count87
\c@MaxMatrixCols=\count88
\dotsspace@=\muskip10
\c@parentequation=\count89
\dspbrk@lvl=\count90
\tag@help=\toks17
\row@=\count91
\column@=\count92
\maxfields@=\count93
\andhelp@=\toks18
\eqnshift@=\dimen107
\alignsep@=\dimen108
\tagshift@=\dimen109
\tagwidth@=\dimen110
\totwidth@=\dimen111
\lineht@=\dimen112
\@envbody=\toks19
\multlinegap=\skip43
\multlinetaggap=\skip44
\mathdisplay@stack=\toks20
LaTeX Info: Redefining \[ on input line 2817.
LaTeX Info: Redefining \] on input line 2818.
)
LaTeX Font Info:    Try loading font information for U+msa on input line 398.
 (d:/Installation_position/texlive/2017/texmf-dist/tex/latex/amsfonts/umsa.fd
File: umsa.fd 2013/01/14 v3.01 AMS symbols A
)
(d:/Installation_position/texlive/2017/texmf-dist/tex/latex/amsfonts/amsfonts.s
ty
Package: amsfonts 2013/01/14 v3.01 Basic AMSFonts support
\symAMSa=\mathgroup4
\symAMSb=\mathgroup5
LaTeX Font Info:    Overwriting math alphabet `\mathfrak' in version `bold'
(Font)                  U/euf/m/n --> U/euf/b/n on input line 106.
)
\copyins=\insert199
\abstractbox=\box28
\listisep=\skip45
\c@part=\count94
\c@section=\count95
\c@subsection=\count96
\c@subsubsection=\count97
\c@paragraph=\count98
\c@subparagraph=\count99
\c@figure=\count100
\c@table=\count101
\abovecaptionskip=\skip46
\belowcaptionskip=\skip47
\captionindent=\dimen113
\thm@style=\toks21
\thm@bodyfont=\toks22
\thm@headfont=\toks23
\thm@notefont=\toks24
\thm@headpunct=\toks25
\thm@preskip=\skip48
\thm@postskip=\skip49
\thm@headsep=\skip50
\dth@everypar=\toks26
)
(d:/Installation_position/texlive/2017/texmf-dist/tex/latex/microtype/microtype
.sty
Package: microtype 2018/01/14 v2.7a Micro-typographical refinements (RS)
\MT@toks=\toks27
\MT@count=\count102
LaTeX Info: Redefining \textls on input line 793.
\MT@outer@kern=\dimen114
LaTeX Info: Redefining \textmicrotypecontext on input line 1339.
\MT@listname@count=\count103

(d:/Installation_position/texlive/2017/texmf-dist/tex/latex/microtype/microtype
-pdftex.def
File: microtype-pdftex.def 2018/01/14 v2.7a Definitions specific to pdftex (RS)

LaTeX Info: Redefining \lsstyle on input line 913.
LaTeX Info: Redefining \lslig on input line 913.
\MT@outer@space=\skip51
)
Package microtype Info: Loading configuration file microtype.cfg.

(d:/Installation_position/texlive/2017/texmf-dist/tex/latex/microtype/microtype
.cfg
File: microtype.cfg 2018/01/14 v2.7a microtype main configuration file (RS)
))
(d:/Installation_position/texlive/2017/texmf-dist/tex/latex/etoolbox/etoolbox.s
ty
Package: etoolbox 2018/02/11 v2.5e e-TeX tools for LaTeX (JAW)
\etb@tempcnta=\count104
)
(d:/Installation_position/texlive/2017/texmf-dist/tex/latex/booktabs/booktabs.s
ty
Package: booktabs 2016/04/27 v1.618033 publication quality tables
\heavyrulewidth=\dimen115
\lightrulewidth=\dimen116
\cmidrulewidth=\dimen117
\belowrulesep=\dimen118
\belowbottomsep=\dimen119
\aboverulesep=\dimen120
\abovetopsep=\dimen121
\cmidrulesep=\dimen122
\cmidrulekern=\dimen123
\defaultaddspace=\dimen124
\@cmidla=\count105
\@cmidlb=\count106
\@aboverulesep=\dimen125
\@belowrulesep=\dimen126
\@thisruleclass=\count107
\@lastruleclass=\count108
\@thisrulewidth=\dimen127
)
(d:/Installation_position/texlive/2017/texmf-dist/tex/latex/oberdiek/refcount.s
ty
Package: refcount 2016/05/16 v3.5 Data extraction from label references (HO)

(d:/Installation_position/texlive/2017/texmf-dist/tex/generic/oberdiek/ltxcmds.
sty
Package: ltxcmds 2016/05/16 v1.23 LaTeX kernel commands for general use (HO)
)
(d:/Installation_position/texlive/2017/texmf-dist/tex/generic/oberdiek/infwarer
r.sty
Package: infwarerr 2016/05/16 v1.4 Providing info/warning/error messages (HO)
))
(d:/Installation_position/texlive/2017/texmf-dist/tex/latex/totpages/totpages.s
ty
Package: totpages 2005/09/19 v2.00 Totpages Package (muewi)
 (d:/Installation_position/texlive/2017/texmf-dist/tex/latex/ms/everyshi.sty
Package: everyshi 2001/05/15 v3.00 EveryShipout Package (MS)
))
(d:/Installation_position/texlive/2017/texmf-dist/tex/latex/environ/environ.sty
Package: environ 2014/05/04 v0.3 A new way to define environments

(d:/Installation_position/texlive/2017/texmf-dist/tex/latex/trimspaces/trimspac
es.sty
Package: trimspaces 2009/09/17 v1.1 Trim spaces around a token list
))
(d:/Installation_position/texlive/2017/texmf-dist/tex/latex/setspace/setspace.s
ty
Package: setspace 2011/12/19 v6.7a set line spacing
)
(d:/Installation_position/texlive/2017/texmf-dist/tex/latex/textcase/textcase.s
ty
Package: textcase 2004/10/07 v0.07 Text only upper/lower case changing (DPC)
)
(d:/Installation_position/texlive/2017/texmf-dist/tex/latex/natbib/natbib.sty
Package: natbib 2010/09/13 8.31b (PWD, AO)
\bibhang=\skip52
\bibsep=\skip53
LaTeX Info: Redefining \cite on input line 694.
\c@NAT@ctr=\count109
)
(d:/Installation_position/texlive/2017/texmf-dist/tex/latex/hyperxmp/hyperxmp.s
ty
Package: hyperxmp 2017/11/26 v3.4 Store hyperref metadata in XMP format

(d:/Installation_position/texlive/2017/texmf-dist/tex/latex/oberdiek/atenddvi.s
ty
Package: atenddvi 2016/05/16 v1.2 At end DVI hook (HO)

(d:/Installation_position/texlive/2017/texmf-dist/tex/latex/oberdiek/zref-abspa
ge.sty
Package: zref-abspage 2016/05/21 v2.26 Module abspage for zref (HO)

(d:/Installation_position/texlive/2017/texmf-dist/tex/latex/oberdiek/zref-base.
sty
Package: zref-base 2016/05/21 v2.26 Module base for zref (HO)

(d:/Installation_position/texlive/2017/texmf-dist/tex/generic/oberdiek/kvsetkey
s.sty
Package: kvsetkeys 2016/05/16 v1.17 Key value parser (HO)

(d:/Installation_position/texlive/2017/texmf-dist/tex/generic/oberdiek/etexcmds
.sty
Package: etexcmds 2016/05/16 v1.6 Avoid name clashes with e-TeX commands (HO)

(d:/Installation_position/texlive/2017/texmf-dist/tex/generic/oberdiek/ifluatex
.sty
Package: ifluatex 2016/05/16 v1.4 Provides the ifluatex switch (HO)
Package ifluatex Info: LuaTeX not detected.
)
Package etexcmds Info: Could not find \expanded.
(etexcmds)             That can mean that you are not using pdfTeX 1.50 or
(etexcmds)             that some package has redefined \expanded.
(etexcmds)             In the latter case, load this package earlier.
))
(d:/Installation_position/texlive/2017/texmf-dist/tex/generic/oberdiek/kvdefine
keys.sty
Package: kvdefinekeys 2016/05/16 v1.4 Define keys (HO)
)
(d:/Installation_position/texlive/2017/texmf-dist/tex/generic/oberdiek/pdftexcm
ds.sty
Package: pdftexcmds 2018/01/21 v0.26 Utility functions of pdfTeX for LuaTeX (HO
)

(d:/Installation_position/texlive/2017/texmf-dist/tex/generic/oberdiek/ifpdf.st
y
Package: ifpdf 2017/03/15 v3.2 Provides the ifpdf switch
)
Package pdftexcmds Info: LuaTeX not detected.
Package pdftexcmds Info: \pdf@primitive is available.
Package pdftexcmds Info: \pdf@ifprimitive is available.
Package pdftexcmds Info: \pdfdraftmode found.
)
(d:/Installation_position/texlive/2017/texmf-dist/tex/latex/oberdiek/auxhook.st
y
Package: auxhook 2016/05/16 v1.4 Hooks for auxiliary files (HO)
)
Package zref Info: New property list: main on input line 759.
Package zref Info: New property: default on input line 760.
Package zref Info: New property: page on input line 761.
)
(d:/Installation_position/texlive/2017/texmf-dist/tex/generic/oberdiek/atbegshi
.sty
Package: atbegshi 2016/06/09 v1.18 At begin shipout hook (HO)
)
\c@abspage=\count110
Package zref Info: New property: abspage on input line 62.
)
(d:/Installation_position/texlive/2017/texmf-dist/tex/latex/oberdiek/zref-lastp
age.sty
Package: zref-lastpage 2016/05/21 v2.26 Module lastpage for zref (HO)

(d:/Installation_position/texlive/2017/texmf-dist/tex/latex/oberdiek/atveryend.
sty
Package: atveryend 2016/05/16 v1.9 Hooks at the very end of document (HO)
)
Package zref Info: New property list: LastPage on input line 55.
))
(d:/Installation_position/texlive/2017/texmf-dist/tex/latex/oberdiek/kvoptions.
sty
Package: kvoptions 2016/05/16 v3.12 Key value format for package options (HO)
)
(d:/Installation_position/texlive/2017/texmf-dist/tex/generic/oberdiek/pdfescap
e.sty
Package: pdfescape 2016/05/16 v1.14 Implements pdfTeX's escape features (HO)
)
(d:/Installation_position/texlive/2017/texmf-dist/tex/generic/oberdiek/stringen
c.sty
Package: stringenc 2016/05/16 v1.11 Convert strings between diff. encodings (HO
)
)
(d:/Installation_position/texlive/2017/texmf-dist/tex/generic/oberdiek/intcalc.
sty
Package: intcalc 2016/05/16 v1.2 Expandable calculations with integers (HO)
)
(d:/Installation_position/texlive/2017/texmf-dist/tex/generic/ifxetex/ifxetex.s
ty
Package: ifxetex 2010/09/12 v0.6 Provides ifxetex conditional
)
(d:/Installation_position/texlive/2017/texmf-dist/tex/latex/ifmtarg/ifmtarg.sty
Package: ifmtarg 2009/09/02 v1.2a check for an empty argument
))
(d:/Installation_position/texlive/2017/texmf-dist/tex/latex/hyperref/hyperref.s
ty
Package: hyperref 2018/02/06 v6.86b Hypertext links for LaTeX

(d:/Installation_position/texlive/2017/texmf-dist/tex/generic/oberdiek/hobsub-h
yperref.sty
Package: hobsub-hyperref 2016/05/16 v1.14 Bundle oberdiek, subset hyperref (HO)


(d:/Installation_position/texlive/2017/texmf-dist/tex/generic/oberdiek/hobsub-g
eneric.sty
Package: hobsub-generic 2016/05/16 v1.14 Bundle oberdiek, subset generic (HO)
Package: hobsub 2016/05/16 v1.14 Construct package bundles (HO)
Package hobsub Info: Skipping package `infwarerr' (already loaded).
Package hobsub Info: Skipping package `ltxcmds' (already loaded).
Package hobsub Info: Skipping package `ifluatex' (already loaded).
Package: ifvtex 2016/05/16 v1.6 Detect VTeX and its facilities (HO)
Package ifvtex Info: VTeX not detected.
Package hobsub Info: Skipping package `intcalc' (already loaded).
Package hobsub Info: Skipping package `ifpdf' (already loaded).
Package hobsub Info: Skipping package `etexcmds' (already loaded).
Package hobsub Info: Skipping package `kvsetkeys' (already loaded).
Package hobsub Info: Skipping package `kvdefinekeys' (already loaded).
Package hobsub Info: Skipping package `pdftexcmds' (already loaded).
Package hobsub Info: Skipping package `pdfescape' (already loaded).
Package: bigintcalc 2016/05/16 v1.4 Expandable calculations on big integers (HO
)
Package: bitset 2016/05/16 v1.2 Handle bit-vector datatype (HO)
Package: uniquecounter 2016/05/16 v1.3 Provide unlimited unique counter (HO)
)
Package hobsub Info: Skipping package `hobsub' (already loaded).
Package: letltxmacro 2016/05/16 v1.5 Let assignment for LaTeX macros (HO)
Package: hopatch 2016/05/16 v1.3 Wrapper for package hooks (HO)
Package: xcolor-patch 2016/05/16 xcolor patch
Package hobsub Info: Skipping package `atveryend' (already loaded).
Package hobsub Info: Skipping package `atbegshi' (already loaded).
Package hobsub Info: Skipping package `refcount' (already loaded).
Package: hycolor 2016/05/16 v1.8 Color options for hyperref/bookmark (HO)
)
\@linkdim=\dimen128
\Hy@linkcounter=\count111
\Hy@pagecounter=\count112

(d:/Installation_position/texlive/2017/texmf-dist/tex/latex/hyperref/pd1enc.def
File: pd1enc.def 2018/02/06 v6.86b Hyperref: PDFDocEncoding definition (HO)
)
\Hy@SavedSpaceFactor=\count113

(d:/Installation_position/texlive/2017/texmf-dist/tex/latex/latexconfig/hyperre
f.cfg
File: hyperref.cfg 2002/06/06 v1.2 hyperref configuration of TeXLive
)
Package hyperref Info: Option `bookmarksnumbered' set `true' on input line 4383
.
Package hyperref Info: Option `unicode' set `true' on input line 4383.

(d:/Installation_position/texlive/2017/texmf-dist/tex/latex/hyperref/puenc.def
File: puenc.def 2018/02/06 v6.86b Hyperref: PDF Unicode definition (HO)
)
Package hyperref Info: Hyper figures OFF on input line 4509.
Package hyperref Info: Link nesting OFF on input line 4514.
Package hyperref Info: Hyper index ON on input line 4517.
Package hyperref Info: Plain pages OFF on input line 4524.
Package hyperref Info: Backreferencing OFF on input line 4529.
Package hyperref Info: Implicit mode ON; LaTeX internals redefined.
Package hyperref Info: Bookmarks ON on input line 4762.
\c@Hy@tempcnt=\count114
(d:/Installation_position/texlive/2017/texmf-dist/tex/latex/url/url.sty
\Urlmuskip=\muskip11
Package: url 2013/09/16  ver 3.4  Verb mode for urls, etc.
)
LaTeX Info: Redefining \url on input line 5115.
\XeTeXLinkMargin=\dimen129
\Fld@menulength=\count115
\Field@Width=\dimen130
\Fld@charsize=\dimen131
Package hyperref Info: Hyper figures OFF on input line 6369.
Package hyperref Info: Link nesting OFF on input line 6374.
Package hyperref Info: Hyper index ON on input line 6377.
Package hyperref Info: backreferencing OFF on input line 6384.
Package hyperref Info: Link coloring OFF on input line 6389.
Package hyperref Info: Link coloring with OCG OFF on input line 6394.
Package hyperref Info: PDF/A mode OFF on input line 6399.
LaTeX Info: Redefining \ref on input line 6439.
LaTeX Info: Redefining \pageref on input line 6443.
\Hy@abspage=\count116
\c@Item=\count117
\c@Hfootnote=\count118
)
Package hyperref Info: Driver (autodetected): hpdftex.

(d:/Installation_position/texlive/2017/texmf-dist/tex/latex/hyperref/hpdftex.de
f
File: hpdftex.def 2018/02/06 v6.86b Hyperref driver for pdfTeX
\HyAnn@Count=\count119
\Fld@listcount=\count120
\c@bookmark@seq@number=\count121

(d:/Installation_position/texlive/2017/texmf-dist/tex/latex/oberdiek/rerunfilec
heck.sty
Package: rerunfilecheck 2016/05/16 v1.8 Rerun checks for auxiliary files (HO)
Package uniquecounter Info: New unique counter `rerunfilecheck' on input line 2
82.
)
\Hy@SectionHShift=\skip54
)
(d:/Installation_position/texlive/2017/texmf-dist/tex/latex/graphics/graphicx.s
ty
Package: graphicx 2017/06/01 v1.1a Enhanced LaTeX Graphics (DPC,SPQR)

(d:/Installation_position/texlive/2017/texmf-dist/tex/latex/graphics/graphics.s
ty
Package: graphics 2017/06/25 v1.2c Standard LaTeX Graphics (DPC,SPQR)

(d:/Installation_position/texlive/2017/texmf-dist/tex/latex/graphics/trig.sty
Package: trig 2016/01/03 v1.10 sin cos tan (DPC)
)
(d:/Installation_position/texlive/2017/texmf-dist/tex/latex/graphics-cfg/graphi
cs.cfg
File: graphics.cfg 2016/06/04 v1.11 sample graphics configuration
)
Package graphics Info: Driver file: pdftex.def on input line 99.

(d:/Installation_position/texlive/2017/texmf-dist/tex/latex/graphics-def/pdftex
.def
File: pdftex.def 2018/01/08 v1.0l Graphics/color driver for pdftex
))
\Gin@req@height=\dimen132
\Gin@req@width=\dimen133
)
(d:/Installation_position/texlive/2017/texmf-dist/tex/latex/xcolor/xcolor.sty
Package: xcolor 2016/05/11 v2.12 LaTeX color extensions (UK)

(d:/Installation_position/texlive/2017/texmf-dist/tex/latex/graphics-cfg/color.
cfg
File: color.cfg 2016/01/02 v1.6 sample color configuration
)
Package xcolor Info: Driver file: pdftex.def on input line 225.
Package xcolor Info: Model `cmy' substituted by `cmy0' on input line 1348.
Package xcolor Info: Model `hsb' substituted by `rgb' on input line 1352.
Package xcolor Info: Model `RGB' extended on input line 1364.
Package xcolor Info: Model `HTML' substituted by `rgb' on input line 1366.
Package xcolor Info: Model `Hsb' substituted by `hsb' on input line 1367.
Package xcolor Info: Model `tHsb' substituted by `hsb' on input line 1368.
Package xcolor Info: Model `HSB' substituted by `hsb' on input line 1369.
Package xcolor Info: Model `Gray' substituted by `gray' on input line 1370.
Package xcolor Info: Model `wave' substituted by `hsb' on input line 1371.
)
(d:/Installation_position/texlive/2017/texmf-dist/tex/latex/geometry/geometry.s
ty
Package: geometry 2010/09/12 v5.6 Page Geometry
\Gm@cnth=\count122
\Gm@cntv=\count123
\c@Gm@tempcnt=\count124
\Gm@bindingoffset=\dimen134
\Gm@wd@mp=\dimen135
\Gm@odd@mp=\dimen136
\Gm@even@mp=\dimen137
\Gm@layoutwidth=\dimen138
\Gm@layoutheight=\dimen139
\Gm@layouthoffset=\dimen140
\Gm@layoutvoffset=\dimen141
\Gm@dimlist=\toks28
)
(d:/Installation_position/texlive/2017/texmf-dist/tex/latex/ncctools/manyfoot.s
ty
Package: manyfoot 2005/09/11 v1.10 Many Footnote Levels Package (NCC)

(d:/Installation_position/texlive/2017/texmf-dist/tex/latex/ncctools/nccfoots.s
ty
Package: nccfoots 2005/02/03 v1.2 NCC Footnotes Package (NCC)
)
\MFL@columnwidth=\dimen142
)
\footinsauthorsaddresses=\insert198
\c@footnoteauthorsaddresses=\count125
\footinscopyrightpermission=\insert197
\c@footnotecopyrightpermission=\count126

(d:/Installation_position/texlive/2017/texmf-dist/tex/generic/pdftex/glyphtouni
code.tex)
(d:/Installation_position/texlive/2017/texmf-dist/tex/latex/cmap/cmap.sty
Package: cmap 2008/03/06 v1.0h CMap support: searchable PDF
)
(d:/Installation_position/texlive/2017/texmf-dist/tex/latex/base/fontenc.sty
Package: fontenc 2017/04/05 v2.0i Standard LaTeX package

(d:/Installation_position/texlive/2017/texmf-dist/tex/latex/base/t1enc.def
File: t1enc.def 2017/04/05 v2.0i Standard LaTeX file
LaTeX Font Info:    Redeclaring font encoding T1 on input line 48.
)<<t1.cmap>>)
(d:/Installation_position/texlive/2017/texmf-dist/tex/latex/libertine/libertine
.sty
Package: libertine 2018/01/03 (Bob Tennent) Supports Libertine and Biolinum fon
ts for all LaTeX engines.

(d:/Installation_position/texlive/2017/texmf-dist/tex/latex/base/textcomp.sty
Package: textcomp 2017/04/05 v2.0i Standard LaTeX package
Package textcomp Info: Sub-encoding information:
(textcomp)               5 = only ISO-Adobe without \textcurrency
(textcomp)               4 = 5 + \texteuro
(textcomp)               3 = 4 + \textohm
(textcomp)               2 = 3 + \textestimated + \textcurrency
(textcomp)               1 = TS1 - \textcircled - \t
(textcomp)               0 = TS1 (full)
(textcomp)             Font families with sub-encoding setting implement
(textcomp)             only a restricted character set as indicated.
(textcomp)             Family '?' is the default used for unknown fonts.
(textcomp)             See the documentation for details.
Package textcomp Info: Setting ? sub-encoding to TS1/1 on input line 79.

(d:/Installation_position/texlive/2017/texmf-dist/tex/latex/base/ts1enc.def
File: ts1enc.def 2001/06/05 v3.0e (jk/car/fm) Standard LaTeX file
)
LaTeX Info: Redefining \oldstylenums on input line 334.
Package textcomp Info: Setting cmr sub-encoding to TS1/0 on input line 349.
Package textcomp Info: Setting cmss sub-encoding to TS1/0 on input line 350.
Package textcomp Info: Setting cmtt sub-encoding to TS1/0 on input line 351.
Package textcomp Info: Setting cmvtt sub-encoding to TS1/0 on input line 352.
Package textcomp Info: Setting cmbr sub-encoding to TS1/0 on input line 353.
Package textcomp Info: Setting cmtl sub-encoding to TS1/0 on input line 354.
Package textcomp Info: Setting ccr sub-encoding to TS1/0 on input line 355.
Package textcomp Info: Setting ptm sub-encoding to TS1/4 on input line 356.
Package textcomp Info: Setting pcr sub-encoding to TS1/4 on input line 357.
Package textcomp Info: Setting phv sub-encoding to TS1/4 on input line 358.
Package textcomp Info: Setting ppl sub-encoding to TS1/3 on input line 359.
Package textcomp Info: Setting pag sub-encoding to TS1/4 on input line 360.
Package textcomp Info: Setting pbk sub-encoding to TS1/4 on input line 361.
Package textcomp Info: Setting pnc sub-encoding to TS1/4 on input line 362.
Package textcomp Info: Setting pzc sub-encoding to TS1/4 on input line 363.
Package textcomp Info: Setting bch sub-encoding to TS1/4 on input line 364.
Package textcomp Info: Setting put sub-encoding to TS1/5 on input line 365.
Package textcomp Info: Setting uag sub-encoding to TS1/5 on input line 366.
Package textcomp Info: Setting ugq sub-encoding to TS1/5 on input line 367.
Package textcomp Info: Setting ul8 sub-encoding to TS1/4 on input line 368.
Package textcomp Info: Setting ul9 sub-encoding to TS1/4 on input line 369.
Package textcomp Info: Setting augie sub-encoding to TS1/5 on input line 370.
Package textcomp Info: Setting dayrom sub-encoding to TS1/3 on input line 371.
Package textcomp Info: Setting dayroms sub-encoding to TS1/3 on input line 372.

Package textcomp Info: Setting pxr sub-encoding to TS1/0 on input line 373.
Package textcomp Info: Setting pxss sub-encoding to TS1/0 on input line 374.
Package textcomp Info: Setting pxtt sub-encoding to TS1/0 on input line 375.
Package textcomp Info: Setting txr sub-encoding to TS1/0 on input line 376.
Package textcomp Info: Setting txss sub-encoding to TS1/0 on input line 377.
Package textcomp Info: Setting txtt sub-encoding to TS1/0 on input line 378.
Package textcomp Info: Setting lmr sub-encoding to TS1/0 on input line 379.
Package textcomp Info: Setting lmdh sub-encoding to TS1/0 on input line 380.
Package textcomp Info: Setting lmss sub-encoding to TS1/0 on input line 381.
Package textcomp Info: Setting lmssq sub-encoding to TS1/0 on input line 382.
Package textcomp Info: Setting lmvtt sub-encoding to TS1/0 on input line 383.
Package textcomp Info: Setting lmtt sub-encoding to TS1/0 on input line 384.
Package textcomp Info: Setting qhv sub-encoding to TS1/0 on input line 385.
Package textcomp Info: Setting qag sub-encoding to TS1/0 on input line 386.
Package textcomp Info: Setting qbk sub-encoding to TS1/0 on input line 387.
Package textcomp Info: Setting qcr sub-encoding to TS1/0 on input line 388.
Package textcomp Info: Setting qcs sub-encoding to TS1/0 on input line 389.
Package textcomp Info: Setting qpl sub-encoding to TS1/0 on input line 390.
Package textcomp Info: Setting qtm sub-encoding to TS1/0 on input line 391.
Package textcomp Info: Setting qzc sub-encoding to TS1/0 on input line 392.
Package textcomp Info: Setting qhvc sub-encoding to TS1/0 on input line 393.
Package textcomp Info: Setting futs sub-encoding to TS1/4 on input line 394.
Package textcomp Info: Setting futx sub-encoding to TS1/4 on input line 395.
Package textcomp Info: Setting futj sub-encoding to TS1/4 on input line 396.
Package textcomp Info: Setting hlh sub-encoding to TS1/3 on input line 397.
Package textcomp Info: Setting hls sub-encoding to TS1/3 on input line 398.
Package textcomp Info: Setting hlst sub-encoding to TS1/3 on input line 399.
Package textcomp Info: Setting hlct sub-encoding to TS1/5 on input line 400.
Package textcomp Info: Setting hlx sub-encoding to TS1/5 on input line 401.
Package textcomp Info: Setting hlce sub-encoding to TS1/5 on input line 402.
Package textcomp Info: Setting hlcn sub-encoding to TS1/5 on input line 403.
Package textcomp Info: Setting hlcw sub-encoding to TS1/5 on input line 404.
Package textcomp Info: Setting hlcf sub-encoding to TS1/5 on input line 405.
Package textcomp Info: Setting pplx sub-encoding to TS1/3 on input line 406.
Package textcomp Info: Setting pplj sub-encoding to TS1/3 on input line 407.
Package textcomp Info: Setting ptmx sub-encoding to TS1/4 on input line 408.
Package textcomp Info: Setting ptmj sub-encoding to TS1/4 on input line 409.
)
(d:/Installation_position/texlive/2017/texmf-dist/tex/latex/mweights/mweights.s
ty
Package: mweights 2017/03/30 (Bob Tennent) Support package for multiple-weight 
font packages. 
LaTeX Info: Redefining \bfseries on input line 22.
LaTeX Info: Redefining \mdseries on input line 30.
LaTeX Info: Redefining \rmfamily on input line 38.
LaTeX Info: Redefining \sffamily on input line 66.
LaTeX Info: Redefining \ttfamily on input line 94.
)
(d:/Installation_position/texlive/2017/texmf-dist/tex/latex/base/fontenc.sty
Package: fontenc 2017/04/05 v2.0i Standard LaTeX package
)
(d:/Installation_position/texlive/2017/texmf-dist/tex/latex/fontaxes/fontaxes.s
ty
Package: fontaxes 2014/03/23 v1.0d Font selection axes
LaTeX Info: Redefining \upshape on input line 29.
LaTeX Info: Redefining \itshape on input line 31.
LaTeX Info: Redefining \slshape on input line 33.
LaTeX Info: Redefining \scshape on input line 37.
)
LaTeX Info: Redefining \oldstylenums on input line 490.

(d:/Installation_position/texlive/2017/texmf-dist/tex/latex/libertine/LinLibert
ine_I.tex))
(d:/Installation_position/texlive/2017/texmf-dist/tex/latex/inconsolata/zi4.sty
Package: zi4 2017/01/04 v1.112
`inconsolata-zi4' v1.112, 2017/01/04 Text macros for Inconsolata (msharpe)
\zifour@ocount=\count127
)
(d:/Installation_position/texlive/2017/texmf-dist/tex/latex/newtx/newtxmath.sty
Package: newtxmath 2017/12/14 v1.53
`newtxmath' v1.53, 2017/12/14 Math macros based on txfonts (msharpe)
(d:/Installation_position/texlive/2017/texmf-dist/tex/latex/oberdiek/centernot.
sty
Package: centernot 2016/05/16 v1.4 Centers the not symbol horizontally (HO)
)
(d:/Installation_position/texlive/2017/texmf-dist/tex/generic/kastrup/binhex.te
x)
\tx@Isdigit=\count128
LaTeX Font Info:    Redeclaring symbol font `operators' on input line 156.
LaTeX Font Info:    Overwriting symbol font `operators' in version `normal'
(Font)                  OT1/cmr/m/n --> OT1/LinuxLibertineT-TLF/m/n on input li
ne 156.
LaTeX Font Info:    Overwriting symbol font `operators' in version `bold'
(Font)                  OT1/cmr/bx/n --> OT1/LinuxLibertineT-TLF/m/n on input l
ine 156.
LaTeX Font Info:    Overwriting symbol font `operators' in version `bold'
(Font)                  OT1/LinuxLibertineT-TLF/m/n --> OT1/LinuxLibertineT-TLF
/sb/n on input line 157.
LaTeX Font Info:    Redeclaring math alphabet \mathsf on input line 163.
LaTeX Font Info:    Overwriting math alphabet `\mathsf' in version `normal'
(Font)                  OT1/cmss/m/n --> T1/LinuxBiolinumT-TLF/m/n on input lin
e 163.
LaTeX Font Info:    Overwriting math alphabet `\mathsf' in version `bold'
(Font)                  OT1/cmss/bx/n --> T1/LinuxBiolinumT-TLF/m/n on input li
ne 163.
LaTeX Font Info:    Redeclaring math alphabet \mathit on input line 164.
LaTeX Font Info:    Overwriting math alphabet `\mathit' in version `normal'
(Font)                  OT1/cmr/m/it --> OT1/LinuxLibertineT-TLF/m/it on input 
line 164.
LaTeX Font Info:    Overwriting math alphabet `\mathit' in version `bold'
(Font)                  OT1/cmr/bx/it --> OT1/LinuxLibertineT-TLF/m/it on input
 line 164.
LaTeX Font Info:    Redeclaring math alphabet \mathtt on input line 165.
LaTeX Font Info:    Overwriting math alphabet `\mathtt' in version `normal'
(Font)                  OT1/cmtt/m/n --> T1/zi4/m/n on input line 165.
LaTeX Font Info:    Overwriting math alphabet `\mathtt' in version `bold'
(Font)                  OT1/cmtt/m/n --> T1/zi4/m/n on input line 165.
LaTeX Font Info:    Redeclaring math alphabet \mathbf on input line 167.
LaTeX Font Info:    Overwriting math alphabet `\mathbf' in version `normal'
(Font)                  OT1/cmr/bx/n --> OT1/LinuxLibertineT-TLF/sb/n on input 
line 167.
LaTeX Font Info:    Overwriting math alphabet `\mathbf' in version `bold'
(Font)                  OT1/cmr/bx/n --> OT1/LinuxLibertineT-TLF/sb/n on input 
line 167.
LaTeX Font Info:    Overwriting math alphabet `\mathit' in version `bold'
(Font)                  OT1/LinuxLibertineT-TLF/m/it --> OT1/LinuxLibertineT-TL
F/sb/it on input line 168.
LaTeX Font Info:    Overwriting math alphabet `\mathsf' in version `bold'
(Font)                  T1/LinuxBiolinumT-TLF/m/n --> T1/LinuxBiolinumT-TLF/b/n
 on input line 169.
LaTeX Font Info:    Overwriting math alphabet `\mathtt' in version `bold'
(Font)                  T1/zi4/m/n --> T1/zi4/b/n on input line 170.
LaTeX Font Info:    Redeclaring symbol font `letters' on input line 182.
LaTeX Font Info:    Overwriting symbol font `letters' in version `normal'
(Font)                  OML/cmm/m/it --> OML/nxlmi/m/it on input line 182.
LaTeX Font Info:    Overwriting symbol font `letters' in version `bold'
(Font)                  OML/cmm/b/it --> OML/nxlmi/m/it on input line 182.
LaTeX Font Info:    Overwriting symbol font `letters' in version `bold'
(Font)                  OML/nxlmi/m/it --> OML/nxlmi/b/it on input line 183.
\symlettersA=\mathgroup6
LaTeX Font Info:    Overwriting symbol font `lettersA' in version `bold'
(Font)                  U/ntxmia/m/it --> U/ntxmia/b/it on input line 238.
LaTeX Font Info:    Redeclaring math alphabet \mathfrak on input line 240.
LaTeX Font Info:    Redeclaring symbol font `symbols' on input line 259.
LaTeX Font Info:    Encoding `OMS' has changed to `LMS' for symbol font
(Font)              `symbols' in the math version `normal' on input line 259.
LaTeX Font Info:    Overwriting symbol font `symbols' in version `normal'
(Font)                  OMS/cmsy/m/n --> LMS/ntxsy/m/n on input line 259.
LaTeX Font Info:    Encoding `OMS' has changed to `LMS' for symbol font
(Font)              `symbols' in the math version `bold' on input line 259.
LaTeX Font Info:    Overwriting symbol font `symbols' in version `bold'
(Font)                  OMS/cmsy/b/n --> LMS/ntxsy/m/n on input line 259.
LaTeX Font Info:    Overwriting symbol font `symbols' in version `bold'
(Font)                  LMS/ntxsy/m/n --> LMS/ntxsy/b/n on input line 260.
\symAMSm=\mathgroup7
LaTeX Font Info:    Overwriting symbol font `AMSm' in version `bold'
(Font)                  U/ntxsym/m/n --> U/ntxsym/b/n on input line 283.
\symsymbolsC=\mathgroup8
LaTeX Font Info:    Overwriting symbol font `symbolsC' in version `bold'
(Font)                  U/ntxsyc/m/n --> U/ntxsyc/b/n on input line 304.
LaTeX Font Info:    Redeclaring symbol font `largesymbols' on input line 317.
LaTeX Font Info:    Encoding `OMX' has changed to `LMX' for symbol font
(Font)              `largesymbols' in the math version `normal' on input line 3
17.
LaTeX Font Info:    Overwriting symbol font `largesymbols' in version `normal'
(Font)                  OMX/cmex/m/n --> LMX/ntxexx/m/n on input line 317.
LaTeX Font Info:    Encoding `OMX' has changed to `LMX' for symbol font
(Font)              `largesymbols' in the math version `bold' on input line 317
.
LaTeX Font Info:    Overwriting symbol font `largesymbols' in version `bold'
(Font)                  OMX/cmex/m/n --> LMX/ntxexx/m/n on input line 317.
LaTeX Font Info:    Overwriting symbol font `largesymbols' in version `bold'
(Font)                  LMX/ntxexx/m/n --> LMX/ntxexx/b/n on input line 318.
\symlargesymbolsTXA=\mathgroup9
LaTeX Font Info:    Overwriting symbol font `largesymbolsTXA' in version `bold'

(Font)                  U/ntxexa/m/n --> U/ntxexa/b/n on input line 332.
LaTeX Font Info:    Redeclaring math delimiter \lgroup on input line 503.
LaTeX Font Info:    Redeclaring math delimiter \rgroup on input line 504.
LaTeX Font Info:    Redeclaring math delimiter \lmoustache on input line 505.
LaTeX Font Info:    Redeclaring math delimiter \rmoustache on input line 506.
LaTeX Font Info:    Redeclaring math delimiter \lfloor on input line 512.
LaTeX Font Info:    Redeclaring math delimiter \rfloor on input line 513.
LaTeX Font Info:    Redeclaring math delimiter \lceil on input line 514.
LaTeX Font Info:    Redeclaring math delimiter \rceil on input line 515.
LaTeX Font Info:    Redeclaring math delimiter \lbrace on input line 516.
LaTeX Font Info:    Redeclaring math delimiter \rbrace on input line 517.
LaTeX Font Info:    Redeclaring math delimiter \langle on input line 518.
LaTeX Font Info:    Redeclaring math delimiter \rangle on input line 520.
LaTeX Font Info:    Redeclaring math symbol \mid on input line 522.
LaTeX Font Info:    Redeclaring math delimiter \arrowvert on input line 524.
LaTeX Font Info:    Redeclaring math delimiter \vert on input line 525.
LaTeX Font Info:    Redeclaring math symbol \parallel on input line 526.
LaTeX Font Info:    Redeclaring math delimiter \Arrowvert on input line 527.
LaTeX Font Info:    Redeclaring math delimiter \Vert on input line 528.
LaTeX Font Info:    Redeclaring math delimiter \updownarrow on input line 530.
LaTeX Font Info:    Redeclaring math delimiter \Updownarrow on input line 531.
LaTeX Font Info:    Redeclaring math delimiter \lvert on input line 536.
LaTeX Font Info:    Redeclaring math delimiter \rvert on input line 537.
LaTeX Font Info:    Redeclaring math delimiter \lVert on input line 538.
LaTeX Font Info:    Redeclaring math delimiter \rVert on input line 539.
LaTeX Info: Redefining \not on input line 2146.
LaTeX Info: Redefining \textsquare on input line 2176.
LaTeX Info: Redefining \openbox on input line 2178.
)
(d:/Installation_position/texlive/2017/texmf-dist/tex/latex/caption/caption.sty
Package: caption 2016/02/21 v3.3-144 Customizing captions (AR)

(d:/Installation_position/texlive/2017/texmf-dist/tex/latex/caption/caption3.st
y
Package: caption3 2016/05/22 v1.7-166 caption3 kernel (AR)
Package caption3 Info: TeX engine: e-TeX on input line 67.
\captionmargin=\dimen143
\captionmargin@=\dimen144
\captionwidth=\dimen145
\caption@tempdima=\dimen146
\caption@indent=\dimen147
\caption@parindent=\dimen148
\caption@hangindent=\dimen149
)
Package caption Info: AMS or SMF document class.
\c@ContinuedFloat=\count129
Package caption Info: hyperref package is loaded.
) (d:/Installation_position/texlive/2017/texmf-dist/tex/latex/float/float.sty
Package: float 2001/11/08 v1.3d Float enhancements (AL)
\c@float@type=\count130
\float@exts=\toks29
\float@box=\box29
\@float@everytoks=\toks30
\@floatcapt=\box30
)
\@float@every@sidebar=\toks31
\c@sidebar=\count131
\fulltextwidth=\dimen150
\@ACM@labelwidth=\dimen151
\listisep=\skip55
\num@authorgroups=\count132
\num@authors=\count133
\@ACM@badge@width=\skip56
\@ACM@title@width=\skip57
\@ACM@badge@skip=\skip58
Class acmart Info: Printing CCS on input line 1504.
Class acmart Info: Printing bibformat on input line 1504.
Class acmart Info: Printing folios on input line 1506.
Class acmart Info: Setting authorsperrow to 0 on input line 1514.

(d:/Installation_position/texlive/2017/texmf-dist/tex/latex/comment/comment.sty
\CommentStream=\write4
Excluding comment 'comment') Excluding comment 'CCSXML'
\c@@concepts=\count134
\mktitle@bx=\box31
\@ACM@commabox=\box32
\author@bx=\box33
\author@bx@wd=\dimen152
\author@bx@sep=\skip59

(d:/Installation_position/texlive/2017/texmf-dist/tex/latex/fancyhdr/fancyhdr.s
ty
Package: fancyhdr 2017/06/30 v3.9a Extensive control of page headers and footer
s
\f@nch@headwidth=\skip60
\f@nch@O@elh=\skip61
\f@nch@O@erh=\skip62
\f@nch@O@olh=\skip63
\f@nch@O@orh=\skip64
\f@nch@O@elf=\skip65
\f@nch@O@erf=\skip66
\f@nch@O@olf=\skip67
\f@nch@O@orf=\skip68
)
\ACM@linecount@bx=\box34
\ACM@linecount@bxht=\skip69
\ACM@linecount=\count135
\@folio@wd=\dimen153
\@folio@ht=\dimen154
\@folio@voffset=\dimen155
 Special comment 'acks'
LaTeX Font Info:    Try loading font information for T1+LinuxLibertineT-TLF on 
input line 3079.

(d:/Installation_position/texlive/2017/texmf-dist/tex/latex/libertine/t1linuxli
bertinet-tlf.fd
File: T1LinuxLibertineT-TLF.fd 2017/03/20 (autoinst) Font definitions for T1/Li
nuxLibertineT-TLF.
)
LaTeX Font Info:    Font shape `T1/LinuxLibertineT-TLF/m/n' will be
(Font)              scaled to size 9.0pt on input line 3079.
)
(d:/Installation_position/texlive/2017/texmf-dist/tex/latex/enumitem/enumitem.s
ty
Package: enumitem 2011/09/28 v3.5.2 Customized lists
\enitkv@toks@=\toks32
\labelindent=\skip70
\enit@outerparindent=\dimen156
\enit@toks=\toks33
\enit@inbox=\box35
\enitdp@description=\count136
)
(d:/Installation_position/texlive/2017/texmf-dist/tex/latex/wrapfig/wrapfig.sty
\wrapoverhang=\dimen157
\WF@size=\dimen158
\c@WF@wrappedlines=\count137
\WF@box=\box36
\WF@everypar=\toks34
Package: wrapfig 2003/01/31  v 3.6
)
(d:/Installation_position/texlive/2017/texmf-dist/tex/latex/multirow/multirow.s
ty
Package: multirow 2016/11/25 v2.2 Span multiple rows of a table
\multirow@colwidth=\skip71
\multirow@cntb=\count138
\multirow@dima=\skip72
\bigstrutjot=\dimen159
)
Package hyperref Info: Option `colorlinks' set `true' on input line 65.
Package hyperref Info: Option `pdfdisplaydoctitle' set `true' on input line 65.

\c@theorem=\count139
 Include comment 'screenonly' Excluding comment 'printonly'
Include comment 'anonsuppress' (./coSaliency.aux

LaTeX Warning: Label `eq:energyfunc' multiply defined.

)
\openout1 = `coSaliency.aux'.

LaTeX Font Info:    Checking defaults for OML/nxlmi/m/it on input line 65.
LaTeX Font Info:    Try loading font information for OML+nxlmi on input line 65
.
 (d:/Installation_position/texlive/2017/texmf-dist/tex/latex/newtx/omlnxlmi.fd
File: omlnxlmi.fd 2013/11/19 Fontinst v1.933 font definitions for OML/nxlmi.
)
LaTeX Font Info:    ... okay on input line 65.
LaTeX Font Info:    Checking defaults for T1/cmr/m/n on input line 65.
LaTeX Font Info:    ... okay on input line 65.
LaTeX Font Info:    Checking defaults for OT1/cmr/m/n on input line 65.
LaTeX Font Info:    ... okay on input line 65.
LaTeX Font Info:    Checking defaults for OMS/cmsy/m/n on input line 65.
LaTeX Font Info:    ... okay on input line 65.
LaTeX Font Info:    Checking defaults for OMX/cmex/m/n on input line 65.
LaTeX Font Info:    ... okay on input line 65.
LaTeX Font Info:    Checking defaults for U/ntxexa/m/n on input line 65.
LaTeX Font Info:    Try loading font information for U+ntxexa on input line 65.

 (d:/Installation_position/texlive/2017/texmf-dist/tex/latex/newtx/untxexa.fd
File: untxexa.fd 2012/04/16 Fontinst v1.933 font definitions for U/ntxexa.
)
LaTeX Font Info:    ... okay on input line 65.
LaTeX Font Info:    Checking defaults for PD1/pdf/m/n on input line 65.
LaTeX Font Info:    ... okay on input line 65.
LaTeX Font Info:    Checking defaults for PU/pdf/m/n on input line 65.
LaTeX Font Info:    ... okay on input line 65.
LaTeX Font Info:    Checking defaults for TS1/cmr/m/n on input line 65.
LaTeX Font Info:    Try loading font information for TS1+cmr on input line 65.
(d:/Installation_position/texlive/2017/texmf-dist/tex/latex/base/ts1cmr.fd
File: ts1cmr.fd 2014/09/29 v2.5h Standard LaTeX font definitions
)
LaTeX Font Info:    ... okay on input line 65.
LaTeX Font Info:    Checking defaults for LMS/ntxsy/m/n on input line 65.
LaTeX Font Info:    Try loading font information for LMS+ntxsy on input line 65
.

(d:/Installation_position/texlive/2017/texmf-dist/tex/latex/newtx/lmsntxsy.fd
File: lmsntxsy.fd 2016/07/02 Fontinst v1.933 font definitions for LMS/ntxsy.
)
LaTeX Font Info:    ... okay on input line 65.
LaTeX Font Info:    Checking defaults for LMX/ntxexx/m/n on input line 65.
LaTeX Font Info:    Try loading font information for LMX+ntxexx on input line 6
5.

(d:/Installation_position/texlive/2017/texmf-dist/tex/latex/newtx/lmxntxexx.fd
File: lmxntxexx.fd 2016/07/03 Fontinst v1.933 font definitions for LMX/ntxexx.
)
LaTeX Font Info:    ... okay on input line 65.
LaTeX Font Info:    Font shape `T1/LinuxLibertineT-TLF/m/n' will be
(Font)              scaled to size 7.0pt on input line 65.
LaTeX Font Info:    Try loading font information for OT1+LinuxLibertineT-TLF on
 input line 65.

(d:/Installation_position/texlive/2017/texmf-dist/tex/latex/libertine/ot1linuxl
ibertinet-tlf.fd
File: OT1LinuxLibertineT-TLF.fd 2017/03/20 (autoinst) Font definitions for OT1/
LinuxLibertineT-TLF.
)
LaTeX Font Info:    Font shape `OT1/LinuxLibertineT-TLF/m/n' will be
(Font)              scaled to size 7.3pt on input line 65.
<<ot1.cmap>>
LaTeX Font Info:    Font shape `OT1/LinuxLibertineT-TLF/m/n' will be
(Font)              scaled to size 5.5pt on input line 65.
<<oml.cmap>>
LaTeX Font Info:    Try loading font information for U+msa on input line 65.

(d:/Installation_position/texlive/2017/texmf-dist/tex/latex/amsfonts/umsa.fd
File: umsa.fd 2013/01/14 v3.01 AMS symbols A
)
LaTeX Font Info:    Try loading font information for U+msb on input line 65.

(d:/Installation_position/texlive/2017/texmf-dist/tex/latex/amsfonts/umsb.fd
File: umsb.fd 2013/01/14 v3.01 AMS symbols B
)
LaTeX Font Info:    Try loading font information for U+ntxmia on input line 65.


(d:/Installation_position/texlive/2017/texmf-dist/tex/latex/newtx/untxmia.fd
File: untxmia.fd 2016/01/31 Fontinst v1.933 font definitions for U/ntxmia.
)
LaTeX Font Info:    Try loading font information for U+ntxsym on input line 65.


(d:/Installation_position/texlive/2017/texmf-dist/tex/latex/newtx/untxsym.fd
File: untxsym.fd 2015/03/20 Fontinst v1.933 font definitions for U/ntxsym.
)
LaTeX Font Info:    Try loading font information for U+ntxsyc on input line 65.


(d:/Installation_position/texlive/2017/texmf-dist/tex/latex/newtx/untxsyc.fd
File: untxsyc.fd 2012/04/12 Fontinst v1.933 font definitions for U/ntxsyc.
)
LaTeX Info: Redefining \microtypecontext on input line 65.
Package microtype Info: Generating PDF output.
Package microtype Info: Character protrusion enabled (level 2).
Package microtype Info: Using default protrusion set `alltext'.
Package microtype Info: Automatic font expansion enabled (level 2),
(microtype)             stretch: 20, shrink: 20, step: 1, non-selected.
Package microtype Info: Using default expansion set `basictext'.
Package microtype Info: No adjustment of tracking.
Package microtype Info: No adjustment of interword spacing.
Package microtype Info: No adjustment of character kerning.
Package microtype Info: Loading generic protrusion settings for font family
(microtype)             `LinuxLibertineT-TLF' (encoding: T1).
(microtype)             For optimal results, create family-specific settings.
(microtype)             See the microtype manual for details.

ABD: EveryShipout initializing macros
\AtBeginShipoutBox=\box37

(d:/Installation_position/texlive/2017/texmf-dist/tex/generic/oberdiek/se-pdfdo
c.def
File: se-pdfdoc.def 2016/05/16 v1.11 stringenc: PDFDocEncoding
)
(d:/Installation_position/texlive/2017/texmf-dist/tex/generic/oberdiek/se-utf8.
def
File: se-utf8.def 2016/05/16 v1.11 stringenc: UTF-8
)
Package hyperref Info: Link coloring ON on input line 65.

(d:/Installation_position/texlive/2017/texmf-dist/tex/latex/hyperref/nameref.st
y
Package: nameref 2016/05/21 v2.44 Cross-referencing by name of section

(d:/Installation_position/texlive/2017/texmf-dist/tex/generic/oberdiek/gettitle
string.sty
Package: gettitlestring 2016/05/16 v1.5 Cleanup title references (HO)
)
\c@section@level=\count140
)
LaTeX Info: Redefining \ref on input line 65.
LaTeX Info: Redefining \pageref on input line 65.
LaTeX Info: Redefining \nameref on input line 65.
 (./coSaliency.out) (./coSaliency.out)
\@outlinefile=\write5
\openout5 = `coSaliency.out'.


(d:/Installation_position/texlive/2017/texmf-dist/tex/context/base/mkii/supp-pd
f.mkii
[Loading MPS to PDF converter (version 2006.09.02).]
\scratchcounter=\count141
\scratchdimen=\dimen160
\scratchbox=\box38
\nofMPsegments=\count142
\nofMParguments=\count143
\everyMPshowfont=\toks35
\MPscratchCnt=\count144
\MPscratchDim=\dimen161
\MPnumerator=\count145
\makeMPintoPDFobject=\count146
\everyMPtoPDFconversion=\toks36
)
(d:/Installation_position/texlive/2017/texmf-dist/tex/latex/oberdiek/epstopdf-b
ase.sty
Package: epstopdf-base 2016/05/15 v2.6 Base part for package epstopdf

(d:/Installation_position/texlive/2017/texmf-dist/tex/latex/oberdiek/grfext.sty
Package: grfext 2016/05/16 v1.2 Manage graphics extensions (HO)
)
Package epstopdf-base Info: Redefining graphics rule for `.eps' on input line 4
38.
Package grfext Info: Graphics extension search list:
(grfext)             [.pdf,.png,.jpg,.mps,.jpeg,.jbig2,.jb2,.PDF,.PNG,.JPG,.JPE
G,.JBIG2,.JB2,.eps]
(grfext)             \AppendGraphicsExtensions on input line 456.

(d:/Installation_position/texlive/2017/texmf-dist/tex/latex/latexconfig/epstopd
f-sys.cfg
File: epstopdf-sys.cfg 2010/07/13 v1.3 Configuration of (r)epstopdf for TeX Liv
e
))
*geometry* driver: auto-detecting
*geometry* detected driver: pdftex
*geometry* verbose mode - [ preamble ] result:
* driver: pdftex
* paper: letterpaper
* layout: <same size as paper>
* layoutoffset:(h,v)=(0.0pt,0.0pt)
* modes: twoside heightrounded 
* h-part:(L,W,R)=(73.71613pt, 430.00462pt, 110.57425pt)
* v-part:(T,H,B)=(95.39737pt, 556.47656pt, 143.09605pt)
* \paperwidth=614.295pt
* \paperheight=794.96999pt
* \textwidth=430.00462pt
* \textheight=560.0pt
* \oddsidemargin=1.44614pt
* \evensidemargin=38.30426pt
* \topmargin=-3.87262pt
* \headheight=13.0pt
* \headsep=14.0pt
* \topskip=10.0pt
* \footskip=12.0pt
* \marginparwidth=72.0pt
* \marginparsep=11.0pt
* \columnsep=10.0pt
* \skip\footins=7.0pt plus 11.0pt
* \hoffset=0.0pt
* \voffset=0.0pt
* \mag=1000
* \@twocolumnfalse
* \@twosidetrue
* \@mparswitchtrue
* \@reversemarginfalse
* (1in=72.27pt=25.4mm, 1cm=28.453pt)

\c@mv@tabular=\count147
\c@mv@boldtabular=\count148

(d:/Installation_position/texlive/2017/texmf-dist/tex/latex/upquote/upquote.sty
Package: upquote 2012/04/19 v1.3 upright-quote and grave-accent glyphs in verba
tim
)
Package caption Info: Begin \AtBeginDocument code.
Package caption Info: float package is loaded.
Package caption Info: wrapfig package is loaded.
Package caption Info: End \AtBeginDocument code.
 Excluding 'CCSXML' comment.
LaTeX Font Info:    Font shape `T1/LinuxLibertineT-TLF/m/n' will be
(Font)              scaled to size 12.0pt on input line 163.
LaTeX Font Info:    Try loading font information for T1+LinuxBiolinumT-TLF on i
nput line 163.

(d:/Installation_position/texlive/2017/texmf-dist/tex/latex/libertine/t1linuxbi
olinumt-tlf.fd
File: T1LinuxBiolinumT-TLF.fd 2017/03/20 (autoinst) Font definitions for T1/Lin
uxBiolinumT-TLF.
)
LaTeX Font Info:    Font shape `T1/LinuxBiolinumT-TLF/m/n' will be
(Font)              scaled to size 12.0pt on input line 163.
Package microtype Info: Loading generic protrusion settings for font family
(microtype)             `LinuxBiolinumT-TLF' (encoding: T1).
(microtype)             For optimal results, create family-specific settings.
(microtype)             See the microtype manual for details.
LaTeX Font Info:    Font shape `T1/LinuxBiolinumT-TLF/b/n' will be
(Font)              scaled to size 12.0pt on input line 163.
LaTeX Font Info:    Font shape `OT1/LinuxLibertineT-TLF/m/n' will be
(Font)              scaled to size 12.0pt on input line 163.
Package microtype Info: Loading generic protrusion settings for font family
(microtype)             `LinuxLibertineT-TLF' (encoding: OT1).
(microtype)             For optimal results, create family-specific settings.
(microtype)             See the microtype manual for details.
LaTeX Font Info:    Font shape `OT1/LinuxLibertineT-TLF/m/n' will be
(Font)              scaled to size 8.8pt on input line 163.
LaTeX Font Info:    Font shape `OT1/LinuxLibertineT-TLF/m/n' will be
(Font)              scaled to size 6.6pt on input line 163.

(d:/Installation_position/texlive/2017/texmf-dist/tex/latex/microtype/mt-msa.cf
g
File: mt-msa.cfg 2006/02/04 v1.1 microtype config. file: AMS symbols (a) (RS)
)
(d:/Installation_position/texlive/2017/texmf-dist/tex/latex/microtype/mt-msb.cf
g
File: mt-msb.cfg 2005/06/01 v1.0 microtype config. file: AMS symbols (b) (RS)
)
LaTeX Font Info:    Font shape `T1/LinuxLibertineT-TLF/m/n' will be
(Font)              scaled to size 10.95pt on input line 163.
LaTeX Font Info:    Font shape `T1/LinuxBiolinumT-TLF/m/n' will be
(Font)              scaled to size 10.95pt on input line 163.
<figures/teaser7.pdf, id=83, 2539.55783pt x 914.04787pt>
File: figures/teaser7.pdf Graphic file (type pdf)
<use figures/teaser7.pdf>
Package pdftex.def Info: figures/teaser7.pdf  used on input line 163.
(pdftex.def)             Requested size: 430.00462pt x 154.75845pt.
LaTeX Font Info:    Font shape `T1/LinuxBiolinumT-TLF/m/n' will be
(Font)              scaled to size 9.0pt on input line 163.
LaTeX Font Info:    Font shape `T1/LinuxBiolinumT-TLF/m/n' will be
(Font)              scaled to size 8.0pt on input line 163.
LaTeX Font Info:    Font shape `OT1/LinuxLibertineT-TLF/m/n' will be
(Font)              scaled to size 8.0pt on input line 163.
LaTeX Font Info:    Font shape `OT1/LinuxLibertineT-TLF/m/n' will be
(Font)              scaled to size 6.2pt on input line 163.
LaTeX Font Info:    Try loading font information for TS1+LinuxLibertineT-TLF on
 input line 163.

(d:/Installation_position/texlive/2017/texmf-dist/tex/latex/libertine/ts1linuxl
ibertinet-tlf.fd
File: TS1LinuxLibertineT-TLF.fd 2017/03/20 (autoinst) Font definitions for TS1/
LinuxLibertineT-TLF.
)
LaTeX Font Info:    Font shape `TS1/LinuxLibertineT-TLF/m/n' will be
(Font)              scaled to size 7.0pt on input line 163.
Package microtype Info: Loading generic protrusion settings for font family
(microtype)             `LinuxLibertineT-TLF' (encoding: TS1).
(microtype)             For optimal results, create family-specific settings.
(microtype)             See the microtype manual for details.
LaTeX Font Info:    Font shape `T1/LinuxLibertineT-TLF/m/n' will be
(Font)              scaled to size 8.0pt on input line 163.
LaTeX Font Info:    Font shape `TS1/LinuxLibertineT-TLF/m/n' will be
(Font)              scaled to size 8.0pt on input line 163.
LaTeX Font Info:    Font shape `T1/LinuxLibertineT-TLF/b/n' will be
(Font)              scaled to size 8.0pt on input line 163.


Package hyperref Warning: Token not allowed in a PDF string (Unicode):
(hyperref)                removing `math shift' on input line 163.


Package hyperref Warning: Token not allowed in a PDF string (Unicode):
(hyperref)                removing `superscript' on input line 163.


Package hyperref Warning: Token not allowed in a PDF string (Unicode):
(hyperref)                removing `math shift' on input line 163.

LaTeX Font Info:    Font shape `T1/LinuxLibertineT-TLF/m/it' will be
(Font)              scaled to size 8.0pt on input line 163.
(./01_intro.tex
LaTeX Font Info:    Font shape `T1/LinuxBiolinumT-TLF/b/n' will be
(Font)              scaled to size 9.0pt on input line 1.
LaTeX Font Info:    Font shape `T1/LinuxLibertineT-TLF/m/n' will be
(Font)              scaled to size 6.0pt on input line 6.
 [1.1{d:/Installation_position/texlive/2017/texmf-var/fonts/map/pdftex/updmap/p
dftex.map} <./figures/teaser7.pdf>]
LaTeX Font Info:    Font shape `T1/LinuxBiolinumT-TLF/m/n' will be
(Font)              scaled to size 7.0pt on input line 40.
 [2.2]
LaTeX Font Info:    Font shape `T1/LinuxLibertineT-TLF/m/it' will be
(Font)              scaled to size 9.0pt on input line 47.
LaTeX Font Info:    Font shape `OT1/LinuxLibertineT-TLF/m/n' will be
(Font)              scaled to size 9.0pt on input line 53.
LaTeX Font Info:    Font shape `T1/LinuxLibertineT-TLF/m/n' will be
(Font)              scaled to size 7.3pt on input line 53.
LaTeX Font Info:    Font shape `T1/LinuxLibertineT-TLF/m/n' will be
(Font)              scaled to size 5.5pt on input line 53.
LaTeX Font Info:    Font shape `T1/LinuxLibertineT-TLF/b/n' will be
(Font)              scaled to size 9.0pt on input line 53.
) (./02_related.tex
[3.3]

Class acmart Warning: \vspace should only be used to provide space above/below 
surrounding objects on input line 13.


Class acmart Warning: \vspace should only be used to provide space above/below 
surrounding objects on input line 26.


Class acmart Warning: \vspace should only be used to provide space above/below 
surrounding objects on input line 36.


Class acmart Warning: \vspace should only be used to provide space above/below 
surrounding objects on input line 45.

[4.4]

Class acmart Warning: \vspace should only be used to provide space above/below 
surrounding objects on input line 58.

) (./03_method.tex
LaTeX Font Info:    Font shape `OT1/LinuxLibertineT-TLF/sb/n' will be
(Font)              scaled to size 9.0pt on input line 2.
LaTeX Font Info:    Font shape `OT1/LinuxLibertineT-TLF/sb/n' will be
(Font)              scaled to size 7.3pt on input line 2.
LaTeX Font Info:    Font shape `OT1/LinuxLibertineT-TLF/sb/n' will be
(Font)              scaled to size 5.5pt on input line 2.
 [5.5]

Class acmart Warning: \vspace should only be used to provide space above/below 
surrounding objects on input line 49.

[6.6]

Class acmart Warning: \vspace should only be used to provide space above/below 
surrounding objects on input line 88.


Class acmart Warning: \vspace should only be used to provide space above/below 
surrounding objects on input line 133.

[7.7]
<figures/saliencymap.pdf, id=305, 2039.96124pt x 843.6047pt>
File: figures/saliencymap.pdf Graphic file (type pdf)
<use figures/saliencymap.pdf>
Package pdftex.def Info: figures/saliencymap.pdf  used on input line 153.
(pdftex.def)             Requested size: 430.00462pt x 177.8187pt.


Class acmart Warning: A possible image without description on input line 159.


Class acmart Warning: \vspace should only be used to provide space above/below 
surrounding objects on input line 160.

) (./04_colormap.tex
<figures/colorbrewer.pdf, id=313, 1669.32655pt x 432.86017pt>
File: figures/colorbrewer.pdf Graphic file (type pdf)
<use figures/colorbrewer.pdf>
Package pdftex.def Info: figures/colorbrewer.pdf  used on input line 14.
(pdftex.def)             Requested size: 430.00462pt x 111.4974pt.


Class acmart Warning: A possible image without description on input line 19.

[8.8 <./figures/saliencymap.pdf>]
<figures/lambda.pdf, id=356, 1670.4809pt x 884.22246pt>
File: figures/lambda.pdf Graphic file (type pdf)
<use figures/lambda.pdf>
Package pdftex.def Info: figures/lambda.pdf  used on input line 46.
(pdftex.def)             Requested size: 430.00462pt x 227.59875pt.
LaTeX Font Info:    Font shape `OT1/LinuxLibertineT-TLF/sb/n' will be
(Font)              scaled to size 8.0pt on input line 47.
LaTeX Font Info:    Font shape `OT1/LinuxLibertineT-TLF/sb/n' will be
(Font)              scaled to size 6.2pt on input line 47.


Class acmart Warning: A possible image without description on input line 50.


Class acmart Warning: \vspace should only be used to provide space above/below 
surrounding objects on input line 61.

[9.9 <./figures/colorbrewer.pdf>]) (./06_evaluation.tex

Class acmart Warning: \vspace should only be used to provide space above/below 
surrounding objects on input line 26.

[10.10 <./figures/lambda.pdf>] [11.11]

Class acmart Warning: \vspace should only be used to provide space above/below 
surrounding objects on input line 68.

<figures/maxdelta-results.pdf, id=458, 1960.374pt x 451.1796pt>
File: figures/maxdelta-results.pdf Graphic file (type pdf)
<use figures/maxdelta-results.pdf>
Package pdftex.def Info: figures/maxdelta-results.pdf  used on input line 80.
(pdftex.def)             Requested size: 430.00462pt x 98.96378pt.
LaTeX Font Info:    Font shape `T1/LinuxBiolinumT-TLF/m/it' will be
(Font)              scaled to size 8.0pt on input line 81.

Class acmart Warning: A possible image without description on input line 84.

[12.12 <./figures/maxdelta-results.pdf>]

Class acmart Warning: \vspace should only be used to provide space above/below 
surrounding objects on input line 102.

[13.13]

Class acmart Warning: \vspace should only be used to provide space above/below 
surrounding objects on input line 146.

<figures/experiment-organization.pdf, id=517, 1409.21477pt x 441.09892pt>
File: figures/experiment-organization.pdf Graphic file (type pdf)
<use figures/experiment-organization.pdf>
Package pdftex.def Info: figures/experiment-organization.pdf  used on input lin
e 160.
(pdftex.def)             Requested size: 430.00462pt x 134.59218pt.

Class acmart Warning: A possible image without description on input line 164.

LaTeX Font Info:    Font shape `T1/LinuxBiolinumT-TLF/m/it' will be
(Font)              scaled to size 9.0pt on input line 167.

Class acmart Warning: \vspace should only be used to provide space above/below 
surrounding objects on input line 174.

[14.14 <./figures/experiment-organization.pdf>]

Class acmart Warning: \vspace should only be used to provide space above/below 
surrounding objects on input line 186.


Class acmart Warning: \vspace should only be used to provide space above/below 
surrounding objects on input line 219.


Class acmart Warning: \vspace should only be used to provide space above/below 
surrounding objects on input line 225.


Class acmart Warning: \vspace should only be used to provide space above/below 
surrounding objects on input line 231.

[15.15]
<figures/difference-results.pdf, id=558, 1967.05887pt x 451.1796pt>
File: figures/difference-results.pdf Graphic file (type pdf)
<use figures/difference-results.pdf>
Package pdftex.def Info: figures/difference-results.pdf  used on input line 253
.
(pdftex.def)             Requested size: 430.00462pt x 98.62643pt.


Class acmart Warning: A possible image without description on input line 257.


Overfull \hbox (2.55843pt too wide) in paragraph at lines 266--267
[]\T1/LinuxLibertineT-TLF/m/n/9 (-20) However, we did not find sig-nif-i-cant i
n-ter-ac-tion ef-fect be-tween \T1/LinuxLibertineT-TLF/m/it/9 (-20) col-oriza-t
ion meth-ods \T1/LinuxLibertineT-TLF/m/n/9 (-20) and \T1/LinuxLibertineT-TLF/m/
it/9 (-20) change mag-ni-tude \T1/LinuxLibertineT-TLF/m/n/9 (-20) ($\OML/nxlmi/
m/it/9 F\LMS/ntxsy/m/n/9 \OT1/LinuxLibertineT-TLF/m/n/9 (-20) 5\OML/nxlmi/m/it
/9 ; \OT1/LinuxLibertineT-TLF/m/n/9 (-20) 3876\LMS/ntxsy/m/n/9  \U/ntxmia/m/it
/9 =
 []


Class acmart Warning: \vspace should only be used to provide space above/below 
surrounding objects on input line 282.

[16.16 <./figures/difference-results.pdf>]

Class acmart Warning: \vspace should only be used to provide space above/below 
surrounding objects on input line 296.


Class acmart Warning: \vspace should only be used to provide space above/below 
surrounding objects on input line 301.


Class acmart Warning: \vspace should only be used to provide space above/below 
surrounding objects on input line 305.

<figures/counting-results.pdf, id=604, 1965.15184pt x 451.1796pt>
File: figures/counting-results.pdf Graphic file (type pdf)
<use figures/counting-results.pdf>
Package pdftex.def Info: figures/counting-results.pdf  used on input line 324.
(pdftex.def)             Requested size: 430.00462pt x 98.72282pt.

Class acmart Warning: A possible image without description on input line 328.

[17.17 <./figures/counting-results.pdf>]) (./07_caseStudy.tex
<figures/interface.pdf, id=646, 3343.69196pt x 1303.28912pt>
File: figures/interface.pdf Graphic file (type pdf)
<use figures/interface.pdf>
Package pdftex.def Info: figures/interface.pdf  used on input line 6.
(pdftex.def)             Requested size: 430.00462pt x 167.60396pt.


Class acmart Warning: A possible image without description on input line 10.


Class acmart Warning: \vspace should only be used to provide space above/below 
surrounding objects on input line 30.

[18.18]) (./08_conclusion.tex [19.19 <./figures/interface.pdf>])
(./coSaliency.bbl
LaTeX Font Info:    Font shape `T1/LinuxLibertineT-TLF/m/it' will be
(Font)              scaled to size 7.0pt on input line 48.
LaTeX Info: Redefining \tempurl on input line 66.
LaTeX Info: Redefining \tempurl on input line 95.
LaTeX Info: Redefining \tempurl on input line 114.
LaTeX Info: Redefining \tempurl on input line 132.
LaTeX Info: Redefining \tempurl on input line 147.
LaTeX Info: Redefining \tempurl on input line 176.
LaTeX Info: Redefining \tempurl on input line 194.
 [20.20]
LaTeX Info: Redefining \tempurl on input line 221.
LaTeX Info: Redefining \tempurl on input line 236.
LaTeX Info: Redefining \tempurl on input line 255.
LaTeX Info: Redefining \tempurl on input line 269.
LaTeX Info: Redefining \tempurl on input line 286.
LaTeX Info: Redefining \tempurl on input line 303.
LaTeX Info: Redefining \tempurl on input line 319.
LaTeX Info: Redefining \tempurl on input line 336.
LaTeX Info: Redefining \tempurl on input line 348.
LaTeX Info: Redefining \tempurl on input line 364.
LaTeX Info: Redefining \tempurl on input line 380.
LaTeX Info: Redefining \tempurl on input line 395.
LaTeX Info: Redefining \tempurl on input line 411.
LaTeX Info: Redefining \tempurl on input line 427.
LaTeX Info: Redefining \tempurl on input line 443.
LaTeX Info: Redefining \tempurl on input line 457.
LaTeX Info: Redefining \tempurl on input line 473.
LaTeX Info: Redefining \tempurl on input line 491.
LaTeX Info: Redefining \tempurl on input line 520.
LaTeX Info: Redefining \tempurl on input line 539.
LaTeX Info: Redefining \tempurl on input line 555.
LaTeX Info: Redefining \tempurl on input line 572.
LaTeX Info: Redefining \tempurl on input line 589.
LaTeX Info: Redefining \tempurl on input line 607.
LaTeX Info: Redefining \tempurl on input line 623.
LaTeX Info: Redefining \tempurl on input line 638.
 [21.21]
LaTeX Info: Redefining \tempurl on input line 655.
LaTeX Info: Redefining \tempurl on input line 672.
LaTeX Info: Redefining \tempurl on input line 689.
LaTeX Info: Redefining \tempurl on input line 728.
LaTeX Info: Redefining \tempurl on input line 744.
LaTeX Info: Redefining \tempurl on input line 763.
LaTeX Info: Redefining \tempurl on input line 778.
LaTeX Info: Redefining \tempurl on input line 806.
LaTeX Info: Redefining \tempurl on input line 822.
)

Class acmart Warning: Some images may lack descriptions.

Package atenddvi Info: Last page = 22.
[22.22]
Package atveryend Info: Empty hook `BeforeClearDocument' on input line 190.
Package atveryend Info: Executing hook `AfterLastShipout' on input line 190.
 (./coSaliency.aux)
Package atveryend Info: Executing hook `AtVeryEndDocument' on input line 190.
Package atveryend Info: Executing hook `AtEndAfterFileList' on input line 190.
Package rerunfilecheck Info: File `coSaliency.out' has not changed.
(rerunfilecheck)             Checksum: 74375DE92E81FFDAD8F0A74B85BE199B;3344.


LaTeX Warning: There were multiply-defined labels.

 )
(\end occurred inside a group at level 1)

### simple group (level 1) entered at line 51 ({)
### bottom level 
Here is how much of TeX's memory you used:
 19996 strings out of 492982
 315311 string characters out of 6125995
 437975 words of memory out of 5000000
 22202 multiletter control sequences out of 15000+600000
 271434 words of font info for 617 fonts, out of 8000000 for 9000
 1302 hyphenation exceptions out of 8191
 60i,19n,94p,994b,739s stack positions out of 5000i,500n,10000p,200000b,80000s
{d:/Installation_position/texlive/2017/texmf-dist/fonts/enc/dvi
ps/libertine/lbtn_25tcsq.enc}{d:/Installation_position/texlive/2017/texmf-dist/
fonts/enc/dvips/newtx/libertinealt.enc}{d:/Installation_position/texlive/2017/t
exmf-dist/fonts/enc/dvips/libertine/lbtn_fygcup.enc}{d:/Installation_position/t
exlive/2017/texmf-dist/fonts/enc/dvips/base/8r.enc}{d:/Installation_position/te
xlive/2017/texmf-dist/fonts/enc/dvips/libertine/lbtn_7grukw.enc}{d:/Installatio
n_position/texlive/2017/texmf-dist/fonts/enc/dvips/libertine/lbtn_nh77jq.enc}{d
:/Installation_position/texlive/2017/texmf-dist/fonts/enc/dvips/libertine/lbtn_
naooyc.enc}{d:/Installation_position/texlive/2017/texmf-dist/fonts/enc/dvips/li
bertine/lbtn_oexx6f.enc}{d:/Installation_position/texlive/2017/texmf-dist/fonts
/enc/dvips/libertine/lbtn_76gpa5.enc}<d:/Installation_position/texlive/2017/tex
mf-dist/fonts/type1/public/libertine/LinBiolinumT.pfb><d:/Installation_position
/texlive/2017/texmf-dist/fonts/type1/public/libertine/LinBiolinumTB.pfb><d:/Ins
tallation_position/texlive/2017/texmf-dist/fonts/type1/public/libertine/LinBiol
inumTI.pfb><d:/Installation_position/texlive/2017/texmf-dist/fonts/type1/public
/libertine/LinLibertineT.pfb><d:/Installation_position/texlive/2017/texmf-dist/
fonts/type1/public/libertine/LinLibertineTB.pfb><d:/Installation_position/texli
ve/2017/texmf-dist/fonts/type1/public/libertine/LinLibertineTI.pfb><d:/Installa
tion_position/texlive/2017/texmf-dist/fonts/type1/public/libertine/LinLibertine
TZ.pfb><d:/Installation_position/texlive/2017/texmf-dist/fonts/type1/public/new
tx/fxlri-5letters.pfb><d:/Installation_position/texlive/2017/texmf-dist/fonts/t
ype1/public/newtx/fxlri-7letters.pfb><d:/Installation_position/texlive/2017/tex
mf-dist/fonts/type1/public/txfonts/rtxmi.pfb><d:/Installation_position/texlive/
2017/texmf-dist/fonts/type1/public/newtx/rtxmi7.pfb><d:/Installation_position/t
exlive/2017/texmf-dist/fonts/type1/public/txfonts/rtxr.pfb><d:/Installation_pos
ition/texlive/2017/texmf-dist/fonts/type1/public/newtx/txexs.pfb><d:/Installati
on_position/texlive/2017/texmf-dist/fonts/type1/public/txfonts/txsyb.pfb><d:/In
stallation_position/texlive/2017/texmf-dist/fonts/type1/public/newtx/txsys.pfb>
<d:/Installation_position/texlive/2017/texmf-dist/fonts/type1/public/newtx/zxlr
.pfb><d:/Installation_position/texlive/2017/texmf-dist/fonts/type1/public/newtx
/zxlri.pfb>
Output written on coSaliency.pdf (22 pages, 8598013 bytes).
PDF statistics:
 1020 PDF objects out of 1200 (max. 8388607)
 718 compressed objects within 8 object streams
 122 named destinations out of 1000 (max. 500000)
 67798 words of extra memory for PDF output out of 74296 (max. 10000000)

